<?xml version="1.0" encoding="UTF-8"?>
<testsuite name="com.jcrogel.FaceFinderTest" tests="1" skipped="0" failures="0" errors="0" timestamp="2020-04-27T01:24:48" hostname="Hamzas-MacBook-Pro.local" time="0.002">
  <properties/>
  <testcase name="testStuff" classname="com.jcrogel.FaceFinderTest" time="0.002"/>
  <system-out><![CDATA[Tested
]]></system-out>
  <system-err><![CDATA[]]></system-err>
</testsuite>
